<?xml version="1.0" encoding="UTF-8"?>
<!-- Generated by org.testng.reporters.JUnitReportReporter -->
<testsuite hostname="DESKTOP-QF66LGP" name="allhomepagefuctions.Home_Page" tests="5" failures="0" timestamp="21 Sep 2019 18:06:17 GMT" time="33.378" errors="0">
  <testcase name="features" time="12.719" classname="allhomepagefuctions.Home_Page"/>
  <testcase name="more" time="7.558" classname="allhomepagefuctions.Home_Page"/>
  <testcase name="why_us" time="2.322" classname="allhomepagefuctions.Home_Page"/>
  <testcase name="solutions" time="8.522" classname="allhomepagefuctions.Home_Page"/>
  <testcase name="contact_us" time="2.257" classname="allhomepagefuctions.Home_Page"/>
</testsuite> <!-- allhomepagefuctions.Home_Page -->
